2025-01-10 11:07:36 - central_logger - DEBUG - WebDriverPool initialized with max_size=30
2025-01-10 11:07:36 - central_logger - DEBUG - Creating a new WebDriver instance
2025-01-10 11:07:39 - central_logger - DEBUG - WebDriver instance created successfully
2025-01-10 11:07:39 - central_logger - DEBUG - Creating a new WebDriver instance
2025-01-10 11:07:43 - central_logger - DEBUG - WebDriver instance created successfully
2025-01-10 11:07:43 - central_logger - INFO - Nom du RPA reçu: Affranchigo
2025-01-10 11:07:43 - central_logger - DEBUG - Démarrage du RPA Affranchigo en multi-threading...
2025-01-10 11:07:44 - central_logger - DEBUG - Traitement du fichier JSON pour les contrats à partir du fichier : data/numeros_contrat_robot.json
2025-01-10 11:07:44 - central_logger - DEBUG - Numéros de contrat récupérés : ['D-410806-1', 'D-782298-1', '1-10063522288', 'D-826954-1', '1-10095909286', 'D-652969-1', 'D-453512-1', 'D-464224-1', 'D-557707-1', 'D-920366-3', 'D-791069-1', 'D-928427-1', 'D-569164-1', 'D-1036879-1', 'D-644785-1', 'D-667487-1', 'D-713306-2', 'D-1043775-2', 'D-879358-1', 'D-806468-1', 'D-750417-1', 'D-762569-1', 'D-775541-1', 'D-823472-2', 'D-835953-1', 'D-941562-1', 'D-833255-1', 'D-857547-1', 'D-1003851-1', 'D-1018577-2', 'D-914690-2', 'D-946328-1', 'D-1033101-2', 'D-963774-1', 'D-972505-1', 'D-972707-1', 'D-1034538-1', 'D-1047854-1', '1-8012470411', '1-1674684211', 'D-90928-1', '1-273982655', '1-6934970218', 'D-705589-1', '1-280537538', '1-1781616511', '1-272753701', '1-316391553', '1-296691760', '1-297910717', '1-291206280', '1-2329492712', '1-304525350', 'D-560355-1', '1-2842234101', '1-3203985848', '1-7746937496', '1-286246359', '1-282885131', '1-754550886', '1-322621903', '1-316023701', '1-3323922813', '1-2265776661', '1-7339592401', '1-4417716776', 'D-750209-1', 'D-796406-2', 'D-998449-1', '1-2717668155', '1-3234233409', '1-3166555911', '1-2694521923', '1-6590293439', '1-297944037', '1-2705899595', '1-649676903', '1-7664216424', '1-300040816', 'D-917673-2', '1-295478197', '1-302667375', '1-275465004', '1-943824164', 'D-745713-1', 'D-527490-1', '1-281365631', '1-2048509104', '1-3118165184', '1-1225253991', '1-511488097', 'D-538398-1', '1-304015672', '1-322701028', '1-347878947', '1-271669921', '1-10002158131', 'D-307959-2', '1-4567968281', 'D-803532-1', '1-953366758', '1-5055054651', '1-312003677', 'D-25892-1', '1-3446997321', 'D-827784-2', '1-1040282730', '1-1242749174', '1-537789101', 'D-946996-1', '1-3230200393', '1-5941088630', 'D-827782-1', 'D-581519-1', 'D-815070-2', 'D-797181-1', '1-8431942307', '1-9855653183', '1-10135012261', 'D-701736-2', 'D-705477-1', 'D-1017167-2', 'D-427659-2', 'D-730770-2', 'D-464708-1', 'D-894567-1', 'D-644440-1', 'D-825727-1', 'D-648417-1', 'D-552464-2', 'D-566511-2', 'D-61937-2', 'D-822416-2', 'D-843216-2', 'D-919989-1', 'D-651584-2', 'D-552642-1', 'D-716992-2', 'D-745788-2', 'D-850871-2', 'D-896502-1', 'D-962737-1', '1-273331126', 'D-676134-1', 'D-843560-2', 'D-753457-1', 'D-834268-2', 'D-504714-2', 'D-938919-2']
2025-01-10 11:07:44 - central_logger - DEBUG - Préparation pour traiter le contrat suivant: D-410806-1
2025-01-10 11:07:44 - central_logger - DEBUG - Réutilisation d'une instance WebDriver existante.
2025-01-10 11:07:44 - central_logger - DEBUG - Préparation pour traiter le contrat suivant: D-782298-1
2025-01-10 11:07:44 - central_logger - DEBUG - Préparation pour traiter le contrat suivant: 1-10063522288
2025-01-10 11:07:44 - central_logger - DEBUG - Préparation pour traiter le contrat suivant: D-826954-1
2025-01-10 11:07:44 - central_logger - DEBUG - Préparation pour traiter le contrat suivant: 1-10095909286
2025-01-10 11:07:44 - central_logger - DEBUG - Préparation pour traiter le contrat suivant: D-652969-1
2025-01-10 11:07:44 - central_logger - DEBUG - Préparation pour traiter le contrat suivant: D-453512-1
2025-01-10 11:07:44 - central_logger - DEBUG - Préparation pour traiter le contrat suivant: D-464224-1
2025-01-10 11:07:44 - central_logger - DEBUG - Préparation pour traiter le contrat suivant: D-557707-1
2025-01-10 11:07:44 - central_logger - DEBUG - Préparation pour traiter le contrat suivant: D-920366-3
2025-01-10 11:07:44 - central_logger - DEBUG - Préparation pour traiter le contrat suivant: D-791069-1
2025-01-10 11:07:44 - central_logger - DEBUG - Préparation pour traiter le contrat suivant: D-928427-1
2025-01-10 11:07:44 - central_logger - DEBUG - Préparation pour traiter le contrat suivant: D-569164-1
2025-01-10 11:07:44 - central_logger - DEBUG - Préparation pour traiter le contrat suivant: D-1036879-1
2025-01-10 11:07:44 - central_logger - DEBUG - WebDriver récupéré avec succès pour le contrat D-410806-1.
2025-01-10 11:07:44 - central_logger - DEBUG - Réutilisation d'une instance WebDriver existante.
2025-01-10 11:07:44 - central_logger - DEBUG - Préparation pour traiter le contrat suivant: D-644785-1
2025-01-10 11:07:44 - central_logger - INFO - Soumission du numéro de contrat D-410806-1...
2025-01-10 11:07:44 - central_logger - DEBUG - Préparation pour traiter le contrat suivant: D-667487-1
2025-01-10 11:07:44 - central_logger - DEBUG - Préparation pour traiter le contrat suivant: D-713306-2
2025-01-10 11:07:44 - central_logger - DEBUG - Préparation pour traiter le contrat suivant: D-1043775-2
2025-01-10 11:07:44 - central_logger - DEBUG - Préparation pour traiter le contrat suivant: D-879358-1
2025-01-10 11:07:44 - central_logger - DEBUG - Préparation pour traiter le contrat suivant: D-806468-1
2025-01-10 11:07:44 - central_logger - DEBUG - Préparation pour traiter le contrat suivant: D-750417-1
2025-01-10 11:07:44 - central_logger - DEBUG - Préparation pour traiter le contrat suivant: D-762569-1
2025-01-10 11:07:44 - central_logger - DEBUG - Préparation pour traiter le contrat suivant: D-775541-1
2025-01-10 11:07:44 - central_logger - DEBUG - WebDriver récupéré avec succès pour le contrat D-782298-1.
2025-01-10 11:07:44 - central_logger - DEBUG - Préparation pour traiter le contrat suivant: D-823472-2
2025-01-10 11:07:44 - central_logger - DEBUG - Préparation pour traiter le contrat suivant: D-835953-1
2025-01-10 11:07:44 - central_logger - DEBUG - Préparation pour traiter le contrat suivant: D-941562-1
2025-01-10 11:07:44 - central_logger - DEBUG - Préparation pour traiter le contrat suivant: D-833255-1
2025-01-10 11:07:44 - central_logger - DEBUG - Préparation pour traiter le contrat suivant: D-857547-1
2025-01-10 11:07:44 - central_logger - DEBUG - Préparation pour traiter le contrat suivant: D-1003851-1
2025-01-10 11:07:44 - central_logger - DEBUG - Préparation pour traiter le contrat suivant: D-1018577-2
2025-01-10 11:07:44 - central_logger - DEBUG - Préparation pour traiter le contrat suivant: D-914690-2
2025-01-10 11:07:44 - central_logger - DEBUG - Préparation pour traiter le contrat suivant: D-946328-1
2025-01-10 11:07:44 - central_logger - DEBUG - Préparation pour traiter le contrat suivant: D-1033101-2
2025-01-10 11:07:44 - central_logger - DEBUG - Préparation pour traiter le contrat suivant: D-963774-1
2025-01-10 11:07:44 - central_logger - DEBUG - Préparation pour traiter le contrat suivant: D-972505-1
2025-01-10 11:07:44 - central_logger - DEBUG - Préparation pour traiter le contrat suivant: D-972707-1
2025-01-10 11:07:44 - central_logger - DEBUG - Préparation pour traiter le contrat suivant: D-1034538-1
2025-01-10 11:07:44 - central_logger - DEBUG - Préparation pour traiter le contrat suivant: D-1047854-1
2025-01-10 11:07:44 - central_logger - DEBUG - Préparation pour traiter le contrat suivant: 1-8012470411
2025-01-10 11:07:44 - central_logger - DEBUG - Préparation pour traiter le contrat suivant: 1-1674684211
2025-01-10 11:07:44 - central_logger - DEBUG - Préparation pour traiter le contrat suivant: D-90928-1
2025-01-10 11:07:44 - central_logger - DEBUG - Préparation pour traiter le contrat suivant: 1-273982655
2025-01-10 11:07:44 - central_logger - DEBUG - Préparation pour traiter le contrat suivant: 1-6934970218
2025-01-10 11:07:44 - central_logger - DEBUG - Préparation pour traiter le contrat suivant: D-705589-1
2025-01-10 11:07:44 - central_logger - DEBUG - Préparation pour traiter le contrat suivant: 1-280537538
2025-01-10 11:07:44 - central_logger - DEBUG - Préparation pour traiter le contrat suivant: 1-1781616511
2025-01-10 11:07:44 - central_logger - DEBUG - Préparation pour traiter le contrat suivant: 1-272753701
2025-01-10 11:07:44 - central_logger - DEBUG - Préparation pour traiter le contrat suivant: 1-316391553
2025-01-10 11:07:44 - central_logger - DEBUG - Préparation pour traiter le contrat suivant: 1-296691760
2025-01-10 11:07:44 - central_logger - DEBUG - Préparation pour traiter le contrat suivant: 1-297910717
2025-01-10 11:07:44 - central_logger - DEBUG - Préparation pour traiter le contrat suivant: 1-291206280
2025-01-10 11:07:44 - central_logger - DEBUG - Préparation pour traiter le contrat suivant: 1-2329492712
2025-01-10 11:07:44 - central_logger - DEBUG - Préparation pour traiter le contrat suivant: 1-304525350
2025-01-10 11:07:44 - central_logger - DEBUG - Préparation pour traiter le contrat suivant: D-560355-1
2025-01-10 11:07:44 - central_logger - DEBUG - Préparation pour traiter le contrat suivant: 1-2842234101
2025-01-10 11:07:44 - central_logger - DEBUG - Préparation pour traiter le contrat suivant: 1-3203985848
2025-01-10 11:07:44 - central_logger - DEBUG - Préparation pour traiter le contrat suivant: 1-7746937496
2025-01-10 11:07:44 - central_logger - DEBUG - Champ de texte trouvé et cliquable.
2025-01-10 11:07:44 - central_logger - DEBUG - Préparation pour traiter le contrat suivant: 1-286246359
2025-01-10 11:07:44 - central_logger - DEBUG - Préparation pour traiter le contrat suivant: 1-282885131
2025-01-10 11:07:44 - central_logger - DEBUG - Préparation pour traiter le contrat suivant: 1-754550886
2025-01-10 11:07:44 - central_logger - DEBUG - Préparation pour traiter le contrat suivant: 1-322621903
2025-01-10 11:07:44 - central_logger - DEBUG - Préparation pour traiter le contrat suivant: 1-316023701
2025-01-10 11:07:44 - central_logger - DEBUG - Préparation pour traiter le contrat suivant: 1-3323922813
2025-01-10 11:07:44 - central_logger - DEBUG - Préparation pour traiter le contrat suivant: 1-2265776661
2025-01-10 11:07:44 - central_logger - DEBUG - Préparation pour traiter le contrat suivant: 1-7339592401
2025-01-10 11:07:44 - central_logger - DEBUG - Préparation pour traiter le contrat suivant: 1-4417716776
2025-01-10 11:07:44 - central_logger - DEBUG - Préparation pour traiter le contrat suivant: D-750209-1
2025-01-10 11:07:44 - central_logger - DEBUG - Préparation pour traiter le contrat suivant: D-796406-2
2025-01-10 11:07:44 - central_logger - DEBUG - Préparation pour traiter le contrat suivant: D-998449-1
2025-01-10 11:07:44 - central_logger - DEBUG - Préparation pour traiter le contrat suivant: 1-2717668155
2025-01-10 11:07:44 - central_logger - DEBUG - Préparation pour traiter le contrat suivant: 1-3234233409
2025-01-10 11:07:44 - central_logger - DEBUG - Préparation pour traiter le contrat suivant: 1-3166555911
2025-01-10 11:07:44 - central_logger - DEBUG - Préparation pour traiter le contrat suivant: 1-2694521923
2025-01-10 11:07:44 - central_logger - DEBUG - Préparation pour traiter le contrat suivant: 1-6590293439
2025-01-10 11:07:44 - central_logger - DEBUG - Préparation pour traiter le contrat suivant: 1-297944037
2025-01-10 11:07:44 - central_logger - DEBUG - Préparation pour traiter le contrat suivant: 1-2705899595
2025-01-10 11:07:44 - central_logger - DEBUG - Préparation pour traiter le contrat suivant: 1-649676903
2025-01-10 11:07:44 - central_logger - DEBUG - Préparation pour traiter le contrat suivant: 1-7664216424
2025-01-10 11:07:44 - central_logger - DEBUG - Préparation pour traiter le contrat suivant: 1-300040816
2025-01-10 11:07:44 - central_logger - DEBUG - Préparation pour traiter le contrat suivant: D-917673-2
2025-01-10 11:07:44 - central_logger - DEBUG - Préparation pour traiter le contrat suivant: 1-295478197
2025-01-10 11:07:44 - central_logger - DEBUG - Préparation pour traiter le contrat suivant: 1-302667375
2025-01-10 11:07:44 - central_logger - DEBUG - Préparation pour traiter le contrat suivant: 1-275465004
2025-01-10 11:07:44 - central_logger - DEBUG - Préparation pour traiter le contrat suivant: 1-943824164
2025-01-10 11:07:44 - central_logger - DEBUG - Préparation pour traiter le contrat suivant: D-745713-1
2025-01-10 11:07:44 - central_logger - DEBUG - Préparation pour traiter le contrat suivant: D-527490-1
2025-01-10 11:07:44 - central_logger - DEBUG - Préparation pour traiter le contrat suivant: 1-281365631
2025-01-10 11:07:44 - central_logger - DEBUG - Préparation pour traiter le contrat suivant: 1-2048509104
2025-01-10 11:07:44 - central_logger - DEBUG - Préparation pour traiter le contrat suivant: 1-3118165184
2025-01-10 11:07:44 - central_logger - DEBUG - Préparation pour traiter le contrat suivant: 1-1225253991
2025-01-10 11:07:44 - central_logger - DEBUG - Préparation pour traiter le contrat suivant: 1-511488097
2025-01-10 11:07:44 - central_logger - DEBUG - Préparation pour traiter le contrat suivant: D-538398-1
2025-01-10 11:07:44 - central_logger - DEBUG - Préparation pour traiter le contrat suivant: 1-304015672
2025-01-10 11:07:44 - central_logger - DEBUG - Préparation pour traiter le contrat suivant: 1-322701028
2025-01-10 11:07:44 - central_logger - DEBUG - Préparation pour traiter le contrat suivant: 1-347878947
2025-01-10 11:07:44 - central_logger - DEBUG - Préparation pour traiter le contrat suivant: 1-271669921
2025-01-10 11:07:44 - central_logger - DEBUG - Préparation pour traiter le contrat suivant: 1-10002158131
2025-01-10 11:07:44 - central_logger - DEBUG - Préparation pour traiter le contrat suivant: D-307959-2
2025-01-10 11:07:44 - central_logger - DEBUG - Préparation pour traiter le contrat suivant: 1-4567968281
2025-01-10 11:07:44 - central_logger - DEBUG - Préparation pour traiter le contrat suivant: D-803532-1
2025-01-10 11:07:44 - central_logger - DEBUG - Préparation pour traiter le contrat suivant: 1-953366758
2025-01-10 11:07:44 - central_logger - DEBUG - Préparation pour traiter le contrat suivant: 1-5055054651
2025-01-10 11:07:44 - central_logger - DEBUG - Préparation pour traiter le contrat suivant: 1-312003677
2025-01-10 11:07:44 - central_logger - DEBUG - Préparation pour traiter le contrat suivant: D-25892-1
2025-01-10 11:07:44 - central_logger - DEBUG - Préparation pour traiter le contrat suivant: 1-3446997321
2025-01-10 11:07:44 - central_logger - DEBUG - Préparation pour traiter le contrat suivant: D-827784-2
2025-01-10 11:07:44 - central_logger - DEBUG - Préparation pour traiter le contrat suivant: 1-1040282730
2025-01-10 11:07:44 - central_logger - DEBUG - Préparation pour traiter le contrat suivant: 1-1242749174
2025-01-10 11:07:44 - central_logger - DEBUG - Préparation pour traiter le contrat suivant: 1-537789101
2025-01-10 11:07:44 - central_logger - DEBUG - Préparation pour traiter le contrat suivant: D-946996-1
2025-01-10 11:07:44 - central_logger - DEBUG - Préparation pour traiter le contrat suivant: 1-3230200393
2025-01-10 11:07:44 - central_logger - DEBUG - Préparation pour traiter le contrat suivant: 1-5941088630
2025-01-10 11:07:44 - central_logger - DEBUG - Préparation pour traiter le contrat suivant: D-827782-1
2025-01-10 11:07:44 - central_logger - DEBUG - Préparation pour traiter le contrat suivant: D-581519-1
2025-01-10 11:07:44 - central_logger - DEBUG - Préparation pour traiter le contrat suivant: D-815070-2
2025-01-10 11:07:44 - central_logger - DEBUG - Préparation pour traiter le contrat suivant: D-797181-1
2025-01-10 11:07:44 - central_logger - DEBUG - Préparation pour traiter le contrat suivant: 1-8431942307
2025-01-10 11:07:44 - central_logger - DEBUG - Préparation pour traiter le contrat suivant: 1-9855653183
2025-01-10 11:07:44 - central_logger - DEBUG - Préparation pour traiter le contrat suivant: 1-10135012261
2025-01-10 11:07:44 - central_logger - DEBUG - Préparation pour traiter le contrat suivant: D-701736-2
2025-01-10 11:07:44 - central_logger - DEBUG - Préparation pour traiter le contrat suivant: D-705477-1
2025-01-10 11:07:44 - central_logger - DEBUG - Préparation pour traiter le contrat suivant: D-1017167-2
2025-01-10 11:07:44 - central_logger - DEBUG - Préparation pour traiter le contrat suivant: D-427659-2
2025-01-10 11:07:44 - central_logger - DEBUG - Préparation pour traiter le contrat suivant: D-730770-2
2025-01-10 11:07:44 - central_logger - DEBUG - Préparation pour traiter le contrat suivant: D-464708-1
2025-01-10 11:07:44 - central_logger - DEBUG - Préparation pour traiter le contrat suivant: D-894567-1
2025-01-10 11:07:44 - central_logger - DEBUG - Préparation pour traiter le contrat suivant: D-644440-1
2025-01-10 11:07:44 - central_logger - DEBUG - Préparation pour traiter le contrat suivant: D-825727-1
2025-01-10 11:07:44 - central_logger - DEBUG - Préparation pour traiter le contrat suivant: D-648417-1
2025-01-10 11:07:44 - central_logger - DEBUG - Préparation pour traiter le contrat suivant: D-552464-2
2025-01-10 11:07:44 - central_logger - DEBUG - Préparation pour traiter le contrat suivant: D-566511-2
2025-01-10 11:07:44 - central_logger - DEBUG - Préparation pour traiter le contrat suivant: D-61937-2
2025-01-10 11:07:44 - central_logger - DEBUG - Préparation pour traiter le contrat suivant: D-822416-2
2025-01-10 11:07:44 - central_logger - DEBUG - Préparation pour traiter le contrat suivant: D-843216-2
2025-01-10 11:07:44 - central_logger - DEBUG - Préparation pour traiter le contrat suivant: D-919989-1
2025-01-10 11:07:44 - central_logger - DEBUG - Préparation pour traiter le contrat suivant: D-651584-2
2025-01-10 11:07:44 - central_logger - DEBUG - Préparation pour traiter le contrat suivant: D-552642-1
2025-01-10 11:07:44 - central_logger - DEBUG - Préparation pour traiter le contrat suivant: D-716992-2
2025-01-10 11:07:44 - central_logger - DEBUG - Préparation pour traiter le contrat suivant: D-745788-2
2025-01-10 11:07:44 - central_logger - DEBUG - Préparation pour traiter le contrat suivant: D-850871-2
2025-01-10 11:07:44 - central_logger - DEBUG - Préparation pour traiter le contrat suivant: D-896502-1
2025-01-10 11:07:44 - central_logger - DEBUG - Préparation pour traiter le contrat suivant: D-962737-1
2025-01-10 11:07:44 - central_logger - DEBUG - Préparation pour traiter le contrat suivant: 1-273331126
2025-01-10 11:07:44 - central_logger - DEBUG - Préparation pour traiter le contrat suivant: D-676134-1
2025-01-10 11:07:44 - central_logger - DEBUG - Préparation pour traiter le contrat suivant: D-843560-2
2025-01-10 11:07:44 - central_logger - DEBUG - Préparation pour traiter le contrat suivant: D-753457-1
2025-01-10 11:07:44 - central_logger - DEBUG - Préparation pour traiter le contrat suivant: D-834268-2
2025-01-10 11:07:44 - central_logger - DEBUG - Préparation pour traiter le contrat suivant: D-504714-2
2025-01-10 11:07:44 - central_logger - DEBUG - Préparation pour traiter le contrat suivant: D-938919-2
2025-01-10 11:07:44 - central_logger - DEBUG - Bouton de soumission trouvé et cliquable.
2025-01-10 11:07:44 - central_logger - DEBUG - La page est complètement chargée.
2025-01-10 11:07:44 - central_logger - INFO - Numéro de contrat D-410806-1 soumis avec succès.
2025-01-10 11:07:44 - central_logger - INFO - Changement vers iframe et tentative de clic sur 'Modification'...
2025-01-10 11:07:44 - central_logger - INFO - Soumission du numéro de contrat D-782298-1...
2025-01-10 11:07:44 - central_logger - DEBUG - Champ de texte trouvé et cliquable.
2025-01-10 11:07:44 - central_logger - DEBUG - Bouton de soumission trouvé et cliquable.
2025-01-10 11:07:44 - central_logger - DEBUG - La page est complètement chargée.
2025-01-10 11:07:44 - central_logger - INFO - Numéro de contrat D-782298-1 soumis avec succès.
2025-01-10 11:07:44 - central_logger - INFO - Changement vers iframe et tentative de clic sur 'Modification'...
2025-01-10 11:07:46 - central_logger - DEBUG - Passé à l'iframe avec succès.
2025-01-10 11:07:46 - central_logger - DEBUG - Passé à l'iframe avec succès.
2025-01-10 11:07:46 - central_logger - INFO - Clic sur le bouton de modification pour le contrat D-410806-1 effectué avec succès.
2025-01-10 11:07:46 - central_logger - DEBUG - Attente de la redirection...
2025-01-10 11:07:47 - central_logger - INFO - Clic sur le bouton de modification pour le contrat D-782298-1 effectué avec succès.
2025-01-10 11:07:47 - central_logger - DEBUG - Attente de la redirection...
2025-01-10 11:08:06 - central_logger - DEBUG - Erreur inattendue lors de l'attente de la redirection ou du chargement de la page.
2025-01-10 11:08:06 - central_logger - DEBUG - Le fichier n'existe pas, il sera créé.
2025-01-10 11:08:06 - central_logger - INFO - Contrat numéro D-410806-1 ajouté aux non modifiables.
2025-01-10 11:08:06 - central_logger - ERROR - Erreur lors du traitement du contrat D-410806-1: cannot access local variable 'driver' where it is not associated with a value
2025-01-10 11:08:06 - central_logger - DEBUG - Contrat numéro D-410806-1 déjà présent, non ajouté.
2025-01-10 11:08:07 - central_logger - DEBUG - Erreur inattendue lors de l'attente de la redirection ou du chargement de la page.
2025-01-10 11:08:07 - central_logger - INFO - Contrat numéro D-782298-1 ajouté aux non modifiables.
2025-01-10 11:08:07 - central_logger - ERROR - Erreur lors du traitement du contrat D-782298-1: cannot access local variable 'driver' where it is not associated with a value
2025-01-10 11:08:07 - central_logger - DEBUG - Contrat numéro D-782298-1 déjà présent, non ajouté.
2025-01-10 11:08:07 - central_logger - DEBUG - WebDriver réinitialisé à l'URL de départ pour le contrat D-782298-1.
2025-01-10 11:08:07 - central_logger - DEBUG - WebDriver réinitialisé à l'URL de départ pour le contrat D-410806-1.
2025-01-10 11:08:07 - central_logger - DEBUG - WebDriver remis dans le pool. Taille actuelle: 1.
2025-01-10 11:08:07 - central_logger - DEBUG - WebDriver retourné au pool pour le contrat D-782298-1.
2025-01-10 11:08:07 - central_logger - DEBUG - WebDriver réinitialisé à l'URL de départ pour le contrat D-782298-1.
2025-01-10 11:08:07 - central_logger - DEBUG - WebDriver remis dans le pool. Taille actuelle: 2.
2025-01-10 11:08:07 - central_logger - DEBUG - WebDriver retourné au pool pour le contrat D-410806-1.
2025-01-10 11:08:07 - central_logger - DEBUG - WebDriver réinitialisé à l'URL de départ pour le contrat D-410806-1.
2025-01-10 11:08:07 - central_logger - DEBUG - WebDriver remis dans le pool. Taille actuelle: 3.
2025-01-10 11:08:07 - central_logger - DEBUG - WebDriver retourné au pool pour le contrat D-782298-1.
2025-01-10 11:08:07 - central_logger - WARNING - Échec du traitement du contrat D-782298-1.
2025-01-10 11:08:07 - central_logger - DEBUG - WebDriver remis dans le pool. Taille actuelle: 4.
2025-01-10 11:08:07 - central_logger - DEBUG - WebDriver retourné au pool pour le contrat D-410806-1.
2025-01-10 11:08:07 - central_logger - DEBUG - Réutilisation d'une instance WebDriver existante.
2025-01-10 11:08:07 - central_logger - WARNING - Échec du traitement du contrat D-410806-1.
2025-01-10 11:08:07 - central_logger - DEBUG - WebDriver récupéré avec succès pour le contrat 1-10063522288.
2025-01-10 11:08:07 - central_logger - DEBUG - Réutilisation d'une instance WebDriver existante.
2025-01-10 11:08:07 - central_logger - INFO - Soumission du numéro de contrat 1-10063522288...
2025-01-10 11:08:07 - central_logger - DEBUG - WebDriver récupéré avec succès pour le contrat D-826954-1.
2025-01-10 11:08:07 - central_logger - DEBUG - Champ de texte trouvé et cliquable.
2025-01-10 11:08:08 - central_logger - DEBUG - Bouton de soumission trouvé et cliquable.
2025-01-10 11:08:08 - central_logger - DEBUG - La page est complètement chargée.
2025-01-10 11:08:08 - central_logger - INFO - Numéro de contrat 1-10063522288 soumis avec succès.
2025-01-10 11:08:08 - central_logger - INFO - Changement vers iframe et tentative de clic sur 'Modification'...
2025-01-10 11:08:08 - central_logger - INFO - Soumission du numéro de contrat D-826954-1...
2025-01-10 11:08:08 - central_logger - DEBUG - Champ de texte trouvé et cliquable.
2025-01-10 11:08:08 - central_logger - DEBUG - Bouton de soumission trouvé et cliquable.
2025-01-10 11:08:08 - central_logger - DEBUG - La page est complètement chargée.
2025-01-10 11:08:08 - central_logger - INFO - Numéro de contrat D-826954-1 soumis avec succès.
2025-01-10 11:08:08 - central_logger - INFO - Changement vers iframe et tentative de clic sur 'Modification'...
2025-01-10 11:08:08 - central_logger - DEBUG - Passé à l'iframe avec succès.
2025-01-10 11:08:09 - central_logger - INFO - Clic sur le bouton de modification pour le contrat 1-10063522288 effectué avec succès.
2025-01-10 11:08:09 - central_logger - DEBUG - Attente de la redirection...
2025-01-10 11:08:09 - central_logger - DEBUG - Passé à l'iframe avec succès.
2025-01-10 11:08:10 - central_logger - ERROR - Erreur inattendue lors du traitement de l'iframe pour le contrat D-826954-1 : Message: no such window: target window already closed
from unknown error: web view not found
  (Session info: MicrosoftEdge=130.0.2849.56)
Stacktrace:
	GetHandleVerifier [0x00007FF6C148CEF5+12997]
	Microsoft::Applications::Events::EventProperty::empty [0x00007FF6C170BD24+1897988]
	(No symbol) [0x00007FF6C123F1CC]
	(No symbol) [0x00007FF6C121AB09]
	(No symbol) [0x00007FF6C12AE83B]
	(No symbol) [0x00007FF6C12C21DA]
	(No symbol) [0x00007FF6C12A7BB3]
	(No symbol) [0x00007FF6C127B5AC]
	(No symbol) [0x00007FF6C127AA8D]
	(No symbol) [0x00007FF6C127B171]
	Microsoft::Applications::Events::EventProperty::empty [0x00007FF6C1639E04+1038052]
	Microsoft::Applications::Events::EventProperty::~EventProperty [0x00007FF6C13B095F+56655]
	Microsoft::Applications::Events::EventProperty::~EventProperty [0x00007FF6C13A3103+1267]
	Microsoft::Applications::Events::EventProperty::empty [0x00007FF6C1638B8D+1033325]
	Microsoft::Applications::Events::ILogConfiguration::operator* [0x00007FF6C1429761+327729]
	Microsoft::Applications::Events::ILogConfiguration::operator* [0x00007FF6C1425BE4+312500]
	Microsoft::Applications::Events::ILogConfiguration::operator* [0x00007FF6C1425D19+312809]
	Microsoft::Applications::Events::ILogConfiguration::operator* [0x00007FF6C141C28C+273244]
	BaseThreadInitThunk [0x00007FFDC2157374+20]
	RtlUserThreadStart [0x00007FFDC2A3CC91+33]

2025-01-10 11:08:10 - central_logger - ERROR - Erreur lors de la gestion des contrats multi-sites pour D-826954-1 : Message: no such window: target window already closed
from unknown error: web view not found
  (Session info: MicrosoftEdge=130.0.2849.56)
Stacktrace:
	GetHandleVerifier [0x00007FF6C148CEF5+12997]
	Microsoft::Applications::Events::EventProperty::empty [0x00007FF6C170BD24+1897988]
	(No symbol) [0x00007FF6C123F1CC]
	(No symbol) [0x00007FF6C121AB09]
	(No symbol) [0x00007FF6C12AE83B]
	(No symbol) [0x00007FF6C12C21DA]
	(No symbol) [0x00007FF6C12A7BB3]
	(No symbol) [0x00007FF6C127B5AC]
	(No symbol) [0x00007FF6C127AA8D]
	(No symbol) [0x00007FF6C127B171]
	Microsoft::Applications::Events::EventProperty::empty [0x00007FF6C1639E04+1038052]
	Microsoft::Applications::Events::EventProperty::~EventProperty [0x00007FF6C13B095F+56655]
	Microsoft::Applications::Events::EventProperty::~EventProperty [0x00007FF6C13A3103+1267]
	Microsoft::Applications::Events::EventProperty::empty [0x00007FF6C1638B8D+1033325]
	Microsoft::Applications::Events::ILogConfiguration::operator* [0x00007FF6C1429761+327729]
	Microsoft::Applications::Events::ILogConfiguration::operator* [0x00007FF6C1425BE4+312500]
	Microsoft::Applications::Events::ILogConfiguration::operator* [0x00007FF6C1425D19+312809]
	Microsoft::Applications::Events::ILogConfiguration::operator* [0x00007FF6C141C28C+273244]
	BaseThreadInitThunk [0x00007FFDC2157374+20]
	RtlUserThreadStart [0x00007FFDC2A3CC91+33]

2025-01-10 11:08:10 - central_logger - ERROR - Erreur lors de la réinitialisation du WebDriver pour D-826954-1: Message: no such window: target window already closed
from unknown error: web view not found
  (Session info: MicrosoftEdge=130.0.2849.56)
Stacktrace:
	GetHandleVerifier [0x00007FF6C148CEF5+12997]
	Microsoft::Applications::Events::EventProperty::empty [0x00007FF6C170BD24+1897988]
	(No symbol) [0x00007FF6C123F1CC]
	(No symbol) [0x00007FF6C121AB09]
	(No symbol) [0x00007FF6C12AE83B]
	(No symbol) [0x00007FF6C12C21DA]
	(No symbol) [0x00007FF6C12A7BB3]
	(No symbol) [0x00007FF6C127B5AC]
	(No symbol) [0x00007FF6C127AA8D]
	(No symbol) [0x00007FF6C127B171]
	Microsoft::Applications::Events::EventProperty::empty [0x00007FF6C1639E04+1038052]
	Microsoft::Applications::Events::EventProperty::~EventProperty [0x00007FF6C13B095F+56655]
	Microsoft::Applications::Events::EventProperty::~EventProperty [0x00007FF6C13A3103+1267]
	Microsoft::Applications::Events::EventProperty::empty [0x00007FF6C1638B8D+1033325]
	Microsoft::Applications::Events::ILogConfiguration::operator* [0x00007FF6C1429761+327729]
	Microsoft::Applications::Events::ILogConfiguration::operator* [0x00007FF6C1425BE4+312500]
	Microsoft::Applications::Events::ILogConfiguration::operator* [0x00007FF6C1425D19+312809]
	Microsoft::Applications::Events::ILogConfiguration::operator* [0x00007FF6C141C28C+273244]
	BaseThreadInitThunk [0x00007FFDC2157374+20]
	RtlUserThreadStart [0x00007FFDC2A3CC91+33]

2025-01-10 11:08:12 - central_logger - DEBUG - WebDriver défectueux fermé avec succès.
2025-01-10 11:08:12 - central_logger - DEBUG - Creating a new WebDriver instance
