2024-10-30 11:55:23 - central_logger - DEBUG - WebDriverPool initialized with max_size=20
2024-10-30 11:55:23 - central_logger - DEBUG - Creating a new WebDriver instance
2024-10-30 11:55:29 - central_logger - DEBUG - WebDriver instance created and navigated to URL successfully
2024-10-30 11:55:29 - central_logger - INFO - Nom du RPA reçu: Seres
2024-10-30 11:55:29 - central_logger - INFO - Démarrage du RPA Seres avec le fichier data/data_traitement/Feuille de traitement problème SIRET - Rejets SERES.xlsx
2024-10-30 11:55:29 - central_logger - DEBUG - Démarrage du RPA Seres...
2024-10-30 11:55:29 - central_logger - DEBUG - Traitement du fichier JSON pour les contrats...
2024-10-30 11:55:29 - central_logger - DEBUG - Réutilisation d'une instance WebDriver existante.
2024-10-30 11:55:29 - central_logger - INFO - Début du traitement du contrat PF20240000003369...
2024-10-30 11:55:29 - central_logger - INFO - Recherche de la div contenant 'Rejets AIFE'...
2024-10-30 11:55:30 - central_logger - INFO - Clic sur 'Rejets AIFE' effectué avec succès.
2024-10-30 11:55:35 - central_logger - INFO - Saisie du numéro facture : PF20240000003369
2024-10-30 11:55:39 - central_logger - INFO - Numéro facture PF20240000003369 saisi et recherche lancée.
2024-10-30 11:55:39 - central_logger - INFO - Sélection de la ligne avec le numéro facture : PF20240000003369...
2024-10-30 11:56:00 - central_logger - ERROR - Le tableau des documents ou la ligne avec le numéro facture PF20240000003369 n'a pas été trouvée.
2024-10-30 11:56:00 - central_logger - WARNING - Contrat PF20240000003369 non trouvé. Passage au contrat suivant.
2024-10-30 11:56:00 - central_logger - WARNING - Échec du traitement du contrat PF20240000003369.
2024-10-30 11:56:00 - central_logger - INFO - Début du traitement du contrat PF20240000003375...
2024-10-30 11:56:00 - central_logger - INFO - Recherche de la div contenant 'Rejets AIFE'...
2024-10-30 11:56:10 - central_logger - ERROR - Le bouton 'Rejets AIFE' n'a pas été trouvé sur la page.
2024-10-30 11:56:15 - central_logger - INFO - Saisie du numéro facture : PF20240000003375
2024-10-30 11:56:20 - central_logger - INFO - Numéro facture PF20240000003375 saisi et recherche lancée.
2024-10-30 11:56:20 - central_logger - INFO - Sélection de la ligne avec le numéro facture : PF20240000003375...
2024-10-30 11:56:40 - central_logger - ERROR - Le tableau des documents ou la ligne avec le numéro facture PF20240000003375 n'a pas été trouvée.
2024-10-30 11:56:40 - central_logger - WARNING - Contrat PF20240000003375 non trouvé. Passage au contrat suivant.
2024-10-30 11:56:40 - central_logger - WARNING - Échec du traitement du contrat PF20240000003375.
2024-10-30 11:56:40 - central_logger - INFO - Début du traitement du contrat PF20240000003590...
2024-10-30 11:56:40 - central_logger - INFO - Recherche de la div contenant 'Rejets AIFE'...
2024-10-30 11:56:50 - central_logger - ERROR - Le bouton 'Rejets AIFE' n'a pas été trouvé sur la page.
2024-10-30 11:56:55 - central_logger - INFO - Saisie du numéro facture : PF20240000003590
2024-10-30 11:56:59 - central_logger - INFO - Numéro facture PF20240000003590 saisi et recherche lancée.
2024-10-30 11:56:59 - central_logger - INFO - Sélection de la ligne avec le numéro facture : PF20240000003590...
2024-10-30 11:57:19 - central_logger - ERROR - Le tableau des documents ou la ligne avec le numéro facture PF20240000003590 n'a pas été trouvée.
2024-10-30 11:57:19 - central_logger - WARNING - Contrat PF20240000003590 non trouvé. Passage au contrat suivant.
2024-10-30 11:57:19 - central_logger - WARNING - Échec du traitement du contrat PF20240000003590.
2024-10-30 11:57:19 - central_logger - INFO - Début du traitement du contrat PF20240000004162...
2024-10-30 11:57:19 - central_logger - INFO - Recherche de la div contenant 'Rejets AIFE'...
2024-10-30 11:57:30 - central_logger - ERROR - Le bouton 'Rejets AIFE' n'a pas été trouvé sur la page.
2024-10-30 11:57:35 - central_logger - INFO - Saisie du numéro facture : PF20240000004162
2024-10-30 11:57:39 - central_logger - INFO - Numéro facture PF20240000004162 saisi et recherche lancée.
2024-10-30 11:57:39 - central_logger - INFO - Sélection de la ligne avec le numéro facture : PF20240000004162...
2024-10-30 11:57:59 - central_logger - ERROR - Le tableau des documents ou la ligne avec le numéro facture PF20240000004162 n'a pas été trouvée.
2024-10-30 11:57:59 - central_logger - WARNING - Contrat PF20240000004162 non trouvé. Passage au contrat suivant.
2024-10-30 11:57:59 - central_logger - WARNING - Échec du traitement du contrat PF20240000004162.
2024-10-30 11:57:59 - central_logger - INFO - Début du traitement du contrat PF20240000004185...
2024-10-30 11:57:59 - central_logger - INFO - Recherche de la div contenant 'Rejets AIFE'...
2024-10-30 11:58:10 - central_logger - ERROR - Le bouton 'Rejets AIFE' n'a pas été trouvé sur la page.
2024-10-30 11:58:15 - central_logger - INFO - Saisie du numéro facture : PF20240000004185
2024-10-30 11:58:19 - central_logger - INFO - Numéro facture PF20240000004185 saisi et recherche lancée.
2024-10-30 11:58:19 - central_logger - INFO - Sélection de la ligne avec le numéro facture : PF20240000004185...
2024-10-30 11:58:39 - central_logger - ERROR - Le tableau des documents ou la ligne avec le numéro facture PF20240000004185 n'a pas été trouvée.
2024-10-30 11:58:39 - central_logger - WARNING - Contrat PF20240000004185 non trouvé. Passage au contrat suivant.
2024-10-30 11:58:39 - central_logger - WARNING - Échec du traitement du contrat PF20240000004185.
2024-10-30 11:58:39 - central_logger - INFO - Début du traitement du contrat PF20240000004240...
2024-10-30 11:58:39 - central_logger - INFO - Recherche de la div contenant 'Rejets AIFE'...
2024-10-30 11:58:49 - central_logger - ERROR - Le bouton 'Rejets AIFE' n'a pas été trouvé sur la page.
2024-10-30 11:58:54 - central_logger - INFO - Saisie du numéro facture : PF20240000004240
2024-10-30 11:58:58 - central_logger - INFO - Numéro facture PF20240000004240 saisi et recherche lancée.
2024-10-30 11:58:58 - central_logger - INFO - Sélection de la ligne avec le numéro facture : PF20240000004240...
2024-10-30 11:59:19 - central_logger - ERROR - Le tableau des documents ou la ligne avec le numéro facture PF20240000004240 n'a pas été trouvée.
2024-10-30 11:59:19 - central_logger - WARNING - Contrat PF20240000004240 non trouvé. Passage au contrat suivant.
2024-10-30 11:59:19 - central_logger - WARNING - Échec du traitement du contrat PF20240000004240.
2024-10-30 11:59:19 - central_logger - INFO - Début du traitement du contrat PF20240000004267...
2024-10-30 11:59:19 - central_logger - INFO - Recherche de la div contenant 'Rejets AIFE'...
2024-10-30 11:59:29 - central_logger - ERROR - Le bouton 'Rejets AIFE' n'a pas été trouvé sur la page.
2024-10-30 11:59:34 - central_logger - INFO - Saisie du numéro facture : PF20240000004267
2024-10-30 11:59:38 - central_logger - INFO - Numéro facture PF20240000004267 saisi et recherche lancée.
2024-10-30 11:59:38 - central_logger - INFO - Sélection de la ligne avec le numéro facture : PF20240000004267...
2024-10-30 11:59:58 - central_logger - ERROR - Le tableau des documents ou la ligne avec le numéro facture PF20240000004267 n'a pas été trouvée.
2024-10-30 11:59:58 - central_logger - WARNING - Contrat PF20240000004267 non trouvé. Passage au contrat suivant.
2024-10-30 11:59:58 - central_logger - WARNING - Échec du traitement du contrat PF20240000004267.
2024-10-30 11:59:58 - central_logger - INFO - Début du traitement du contrat PF20240000004277...
2024-10-30 11:59:58 - central_logger - INFO - Recherche de la div contenant 'Rejets AIFE'...
2024-10-30 12:00:09 - central_logger - ERROR - Le bouton 'Rejets AIFE' n'a pas été trouvé sur la page.
2024-10-30 12:00:14 - central_logger - INFO - Saisie du numéro facture : PF20240000004277
2024-10-30 12:00:18 - central_logger - INFO - Numéro facture PF20240000004277 saisi et recherche lancée.
2024-10-30 12:00:18 - central_logger - INFO - Sélection de la ligne avec le numéro facture : PF20240000004277...
2024-10-30 12:00:38 - central_logger - ERROR - Le tableau des documents ou la ligne avec le numéro facture PF20240000004277 n'a pas été trouvée.
2024-10-30 12:00:38 - central_logger - WARNING - Contrat PF20240000004277 non trouvé. Passage au contrat suivant.
2024-10-30 12:00:38 - central_logger - WARNING - Échec du traitement du contrat PF20240000004277.
2024-10-30 12:00:38 - central_logger - INFO - Début du traitement du contrat PF20240000004320...
2024-10-30 12:00:38 - central_logger - INFO - Recherche de la div contenant 'Rejets AIFE'...
2024-10-30 12:00:48 - central_logger - ERROR - Le bouton 'Rejets AIFE' n'a pas été trouvé sur la page.
2024-10-30 12:00:53 - central_logger - INFO - Saisie du numéro facture : PF20240000004320
2024-10-30 12:00:57 - central_logger - INFO - Numéro facture PF20240000004320 saisi et recherche lancée.
2024-10-30 12:00:57 - central_logger - INFO - Sélection de la ligne avec le numéro facture : PF20240000004320...
2024-10-30 12:01:17 - central_logger - ERROR - Le tableau des documents ou la ligne avec le numéro facture PF20240000004320 n'a pas été trouvée.
2024-10-30 12:01:17 - central_logger - WARNING - Contrat PF20240000004320 non trouvé. Passage au contrat suivant.
2024-10-30 12:01:17 - central_logger - WARNING - Échec du traitement du contrat PF20240000004320.
2024-10-30 12:01:17 - central_logger - INFO - Début du traitement du contrat PF20240000004323...
2024-10-30 12:01:17 - central_logger - INFO - Recherche de la div contenant 'Rejets AIFE'...
2024-10-30 12:01:27 - central_logger - ERROR - Le bouton 'Rejets AIFE' n'a pas été trouvé sur la page.
2024-10-30 12:01:32 - central_logger - INFO - Saisie du numéro facture : PF20240000004323
2024-10-30 12:01:37 - central_logger - INFO - Numéro facture PF20240000004323 saisi et recherche lancée.
2024-10-30 12:01:37 - central_logger - INFO - Sélection de la ligne avec le numéro facture : PF20240000004323...
2024-10-30 12:01:57 - central_logger - ERROR - Le tableau des documents ou la ligne avec le numéro facture PF20240000004323 n'a pas été trouvée.
2024-10-30 12:01:57 - central_logger - WARNING - Contrat PF20240000004323 non trouvé. Passage au contrat suivant.
2024-10-30 12:01:57 - central_logger - WARNING - Échec du traitement du contrat PF20240000004323.
2024-10-30 12:01:57 - central_logger - INFO - Début du traitement du contrat PF20240000004345...
2024-10-30 12:01:57 - central_logger - INFO - Recherche de la div contenant 'Rejets AIFE'...
2024-10-30 12:02:07 - central_logger - ERROR - Le bouton 'Rejets AIFE' n'a pas été trouvé sur la page.
2024-10-30 12:02:12 - central_logger - INFO - Saisie du numéro facture : PF20240000004345
2024-10-30 12:02:16 - central_logger - INFO - Numéro facture PF20240000004345 saisi et recherche lancée.
2024-10-30 12:02:16 - central_logger - INFO - Sélection de la ligne avec le numéro facture : PF20240000004345...
2024-10-30 12:02:37 - central_logger - ERROR - Le tableau des documents ou la ligne avec le numéro facture PF20240000004345 n'a pas été trouvée.
2024-10-30 12:02:37 - central_logger - WARNING - Contrat PF20240000004345 non trouvé. Passage au contrat suivant.
2024-10-30 12:02:37 - central_logger - WARNING - Échec du traitement du contrat PF20240000004345.
2024-10-30 12:02:37 - central_logger - INFO - Début du traitement du contrat PF20240000004374...
2024-10-30 12:02:37 - central_logger - INFO - Recherche de la div contenant 'Rejets AIFE'...
2024-10-30 12:02:47 - central_logger - ERROR - Le bouton 'Rejets AIFE' n'a pas été trouvé sur la page.
2024-10-30 12:02:52 - central_logger - INFO - Saisie du numéro facture : PF20240000004374
2024-10-30 12:02:56 - central_logger - INFO - Numéro facture PF20240000004374 saisi et recherche lancée.
2024-10-30 12:02:56 - central_logger - INFO - Sélection de la ligne avec le numéro facture : PF20240000004374...
2024-10-30 12:03:17 - central_logger - ERROR - Le tableau des documents ou la ligne avec le numéro facture PF20240000004374 n'a pas été trouvée.
2024-10-30 12:03:17 - central_logger - WARNING - Contrat PF20240000004374 non trouvé. Passage au contrat suivant.
2024-10-30 12:03:17 - central_logger - WARNING - Échec du traitement du contrat PF20240000004374.
2024-10-30 12:03:17 - central_logger - INFO - Début du traitement du contrat PF20240000004399...
2024-10-30 12:03:17 - central_logger - INFO - Recherche de la div contenant 'Rejets AIFE'...
2024-10-30 12:03:27 - central_logger - ERROR - Le bouton 'Rejets AIFE' n'a pas été trouvé sur la page.
2024-10-30 12:03:32 - central_logger - INFO - Saisie du numéro facture : PF20240000004399
2024-10-30 12:03:36 - central_logger - INFO - Numéro facture PF20240000004399 saisi et recherche lancée.
2024-10-30 12:03:36 - central_logger - INFO - Sélection de la ligne avec le numéro facture : PF20240000004399...
2024-10-30 12:03:57 - central_logger - ERROR - Le tableau des documents ou la ligne avec le numéro facture PF20240000004399 n'a pas été trouvée.
2024-10-30 12:03:57 - central_logger - WARNING - Contrat PF20240000004399 non trouvé. Passage au contrat suivant.
2024-10-30 12:03:57 - central_logger - WARNING - Échec du traitement du contrat PF20240000004399.
2024-10-30 12:03:57 - central_logger - INFO - Début du traitement du contrat PF20240000004407...
2024-10-30 12:03:57 - central_logger - INFO - Recherche de la div contenant 'Rejets AIFE'...
2024-10-30 12:04:07 - central_logger - ERROR - Le bouton 'Rejets AIFE' n'a pas été trouvé sur la page.
2024-10-30 12:04:12 - central_logger - INFO - Saisie du numéro facture : PF20240000004407
2024-10-30 12:04:16 - central_logger - INFO - Numéro facture PF20240000004407 saisi et recherche lancée.
2024-10-30 12:04:16 - central_logger - INFO - Sélection de la ligne avec le numéro facture : PF20240000004407...
2024-10-30 12:04:36 - central_logger - ERROR - Le tableau des documents ou la ligne avec le numéro facture PF20240000004407 n'a pas été trouvée.
2024-10-30 12:04:36 - central_logger - WARNING - Contrat PF20240000004407 non trouvé. Passage au contrat suivant.
2024-10-30 12:04:36 - central_logger - WARNING - Échec du traitement du contrat PF20240000004407.
2024-10-30 12:04:36 - central_logger - INFO - Début du traitement du contrat PF20240000004440...
2024-10-30 12:04:36 - central_logger - INFO - Recherche de la div contenant 'Rejets AIFE'...
2024-10-30 12:04:47 - central_logger - ERROR - Le bouton 'Rejets AIFE' n'a pas été trouvé sur la page.
2024-10-30 12:04:52 - central_logger - INFO - Saisie du numéro facture : PF20240000004440
2024-10-30 12:04:56 - central_logger - INFO - Numéro facture PF20240000004440 saisi et recherche lancée.
2024-10-30 12:04:56 - central_logger - INFO - Sélection de la ligne avec le numéro facture : PF20240000004440...
2024-10-30 12:05:16 - central_logger - ERROR - Le tableau des documents ou la ligne avec le numéro facture PF20240000004440 n'a pas été trouvée.
2024-10-30 12:05:16 - central_logger - WARNING - Contrat PF20240000004440 non trouvé. Passage au contrat suivant.
2024-10-30 12:05:16 - central_logger - WARNING - Échec du traitement du contrat PF20240000004440.
2024-10-30 12:05:16 - central_logger - INFO - Début du traitement du contrat PF20240000004483...
2024-10-30 12:05:16 - central_logger - INFO - Recherche de la div contenant 'Rejets AIFE'...
2024-10-30 12:05:26 - central_logger - ERROR - Le bouton 'Rejets AIFE' n'a pas été trouvé sur la page.
2024-10-30 12:05:31 - central_logger - INFO - Saisie du numéro facture : PF20240000004483
2024-10-30 12:05:35 - central_logger - INFO - Numéro facture PF20240000004483 saisi et recherche lancée.
2024-10-30 12:05:35 - central_logger - INFO - Sélection de la ligne avec le numéro facture : PF20240000004483...
2024-10-30 12:05:56 - central_logger - ERROR - Le tableau des documents ou la ligne avec le numéro facture PF20240000004483 n'a pas été trouvée.
2024-10-30 12:05:56 - central_logger - WARNING - Contrat PF20240000004483 non trouvé. Passage au contrat suivant.
2024-10-30 12:05:56 - central_logger - WARNING - Échec du traitement du contrat PF20240000004483.
2024-10-30 12:05:56 - central_logger - INFO - Début du traitement du contrat PF20240000004491...
2024-10-30 12:05:56 - central_logger - INFO - Recherche de la div contenant 'Rejets AIFE'...
2024-10-30 12:06:06 - central_logger - ERROR - Le bouton 'Rejets AIFE' n'a pas été trouvé sur la page.
2024-10-30 12:06:11 - central_logger - INFO - Saisie du numéro facture : PF20240000004491
2024-10-30 12:06:15 - central_logger - INFO - Numéro facture PF20240000004491 saisi et recherche lancée.
2024-10-30 12:06:15 - central_logger - INFO - Sélection de la ligne avec le numéro facture : PF20240000004491...
2024-10-30 12:06:35 - central_logger - ERROR - Le tableau des documents ou la ligne avec le numéro facture PF20240000004491 n'a pas été trouvée.
2024-10-30 12:06:35 - central_logger - WARNING - Contrat PF20240000004491 non trouvé. Passage au contrat suivant.
2024-10-30 12:06:35 - central_logger - WARNING - Échec du traitement du contrat PF20240000004491.
2024-10-30 12:06:35 - central_logger - INFO - Début du traitement du contrat PF20240000004493...
2024-10-30 12:06:35 - central_logger - INFO - Recherche de la div contenant 'Rejets AIFE'...
2024-10-30 12:06:45 - central_logger - ERROR - Le bouton 'Rejets AIFE' n'a pas été trouvé sur la page.
2024-10-30 12:06:50 - central_logger - INFO - Saisie du numéro facture : PF20240000004493
2024-10-30 12:06:55 - central_logger - INFO - Numéro facture PF20240000004493 saisi et recherche lancée.
2024-10-30 12:06:55 - central_logger - INFO - Sélection de la ligne avec le numéro facture : PF20240000004493...
2024-10-30 12:07:15 - central_logger - ERROR - Le tableau des documents ou la ligne avec le numéro facture PF20240000004493 n'a pas été trouvée.
2024-10-30 12:07:15 - central_logger - WARNING - Contrat PF20240000004493 non trouvé. Passage au contrat suivant.
2024-10-30 12:07:15 - central_logger - WARNING - Échec du traitement du contrat PF20240000004493.
2024-10-30 12:07:15 - central_logger - INFO - Début du traitement du contrat PF20240000004494...
2024-10-30 12:07:15 - central_logger - INFO - Recherche de la div contenant 'Rejets AIFE'...
2024-10-30 12:07:25 - central_logger - ERROR - Le bouton 'Rejets AIFE' n'a pas été trouvé sur la page.
2024-10-30 12:07:30 - central_logger - INFO - Saisie du numéro facture : PF20240000004494
2024-10-30 12:07:34 - central_logger - INFO - Numéro facture PF20240000004494 saisi et recherche lancée.
2024-10-30 12:07:34 - central_logger - INFO - Sélection de la ligne avec le numéro facture : PF20240000004494...
2024-10-30 12:07:54 - central_logger - ERROR - Le tableau des documents ou la ligne avec le numéro facture PF20240000004494 n'a pas été trouvée.
2024-10-30 12:07:54 - central_logger - WARNING - Contrat PF20240000004494 non trouvé. Passage au contrat suivant.
2024-10-30 12:07:54 - central_logger - WARNING - Échec du traitement du contrat PF20240000004494.
2024-10-30 12:07:54 - central_logger - INFO - Début du traitement du contrat PF20240000004522...
2024-10-30 12:07:54 - central_logger - INFO - Recherche de la div contenant 'Rejets AIFE'...
2024-10-30 12:08:05 - central_logger - ERROR - Le bouton 'Rejets AIFE' n'a pas été trouvé sur la page.
2024-10-30 12:08:10 - central_logger - INFO - Saisie du numéro facture : PF20240000004522
2024-10-30 12:08:14 - central_logger - INFO - Numéro facture PF20240000004522 saisi et recherche lancée.
2024-10-30 12:08:14 - central_logger - INFO - Sélection de la ligne avec le numéro facture : PF20240000004522...
