2024-11-20 14:08:15 - central_logger - DEBUG - WebDriverPool initialized with max_size=20
2024-11-20 14:08:15 - central_logger - DEBUG - Creating a new WebDriver instance
2024-11-20 14:08:18 - central_logger - DEBUG - WebDriver instance created and navigated to URL successfully
2024-11-20 14:08:18 - central_logger - INFO - Nom du RPA reçu: Seres
2024-11-20 14:08:18 - central_logger - INFO - Démarrage du RPA Seres avec le fichier : data/data_traitement/Rejet SERES - Correction SIRET destinataire - 20241118.xlsx
2024-11-20 14:08:18 - central_logger - INFO - Démarrage du tableau de board  dans http://127.0.0.1:8050
2024-11-20 14:08:18 - central_logger - INFO - Démarrage du RPA Seres avec multithreading...
2024-11-20 14:08:20 - central_logger - DEBUG - Traitement du fichier JSON pour les contrats...
2024-11-20 14:08:20 - central_logger - DEBUG - Réutilisation d'une instance WebDriver existante.
2024-11-20 14:08:20 - central_logger - INFO - Début du traitement du contrat PF20240000070204.
2024-11-20 14:08:20 - central_logger - INFO - Recherche de la div contenant 'Rejets AIFE'...
2024-11-20 14:08:21 - central_logger - INFO - Clic sur 'Rejets AIFE' effectué avec succès.
2024-11-20 14:08:23 - central_logger - INFO - Saisie du numéro facture : PF20240000070204
2024-11-20 14:08:23 - central_logger - DEBUG - Appui sur Entrée pour lancer la recherche.
2024-11-20 14:08:23 - central_logger - INFO - Numéro facture PF20240000070204 saisi et recherche lancée avec succès.
2024-11-20 14:08:25 - central_logger - INFO - Sélection de la ligne avec le numéro facture : PF20240000070204...
2024-11-20 14:08:27 - central_logger - DEBUG - Nombre de lignes trouvées dans le tableau : 1
2024-11-20 14:08:27 - central_logger - INFO - Ligne trouvée avec le numéro facture PF20240000070204
2024-11-20 14:08:27 - central_logger - INFO - Ligne avec le numéro facture PF20240000070204 sélectionnée et cliquée avec succès.
2024-11-20 14:08:29 - central_logger - INFO - Attente de l'apparition de la modal...
2024-11-20 14:08:29 - central_logger - INFO - Modal apparue et prête à être utilisée.
2024-11-20 14:08:33 - central_logger - INFO - SIRET remplacé par 18008904700013.
2024-11-20 14:08:36 - central_logger - INFO - Commentaire écrit avec succès.
2024-11-20 14:08:38 - central_logger - DEBUG - Recherche du bouton avec le texte 'Sauvegarder'...
2024-11-20 14:08:38 - central_logger - INFO - Bouton 'Sauvegarder' trouvé et cliqué.
2024-11-20 14:08:40 - central_logger - INFO - Tentative de clic sur le bouton principal 'Valider'...
2024-11-20 14:08:40 - central_logger - DEBUG - Recherche du bouton avec le texte 'Valider'...
2024-11-20 14:08:40 - central_logger - INFO - Bouton 'Valider' trouvé et cliqué.
2024-11-20 14:08:40 - central_logger - INFO - Attente de l'apparition de la modale après clic sur 'Valider'...
2024-11-20 14:08:41 - central_logger - INFO - Tentative de clic sur le bouton dans la modale avec le sélecteur 'body > div.bootbox.modal.fade.bootbox-confirm.in > div > div > div.modal-footer > button.btn.btn-primary'...
2024-11-20 14:08:41 - central_logger - INFO - Clic sur le bouton dans la modale réussi.
2024-11-20 14:08:41 - central_logger - DEBUG - Retour à l'URL de départ https://portail.e-facture.net/saml/saml-login.php?nomSP=ARTIMON_PROD avant de retourner le WebDriver au pool.
2024-11-20 14:08:41 - central_logger - DEBUG - WebDriver remis dans le pool. Taille actuelle du pool : 1
2024-11-20 14:08:41 - central_logger - DEBUG - Réutilisation d'une instance WebDriver existante.
2024-11-20 14:08:41 - central_logger - INFO - Contrat PF20240000070204 traité avec succès en 21.00 secondes.
2024-11-20 14:08:41 - central_logger - INFO - Début du traitement du contrat PF20240000083132.
2024-11-20 14:08:41 - central_logger - INFO - Recherche de la div contenant 'Rejets AIFE'...
2024-11-20 14:08:42 - central_logger - INFO - Clic sur 'Rejets AIFE' effectué avec succès.
2024-11-20 14:08:44 - central_logger - INFO - Saisie du numéro facture : PF20240000083132
2024-11-20 14:08:44 - central_logger - DEBUG - Appui sur Entrée pour lancer la recherche.
2024-11-20 14:08:44 - central_logger - INFO - Numéro facture PF20240000083132 saisi et recherche lancée avec succès.
2024-11-20 14:08:46 - central_logger - INFO - Sélection de la ligne avec le numéro facture : PF20240000083132...
2024-11-20 14:09:07 - central_logger - ERROR - Le tableau des documents ou la ligne avec le numéro facture PF20240000083132 n'a pas été trouvée.
2024-11-20 14:09:07 - central_logger - WARNING - Contrat PF20240000083132 non trouvé. Passage au suivant.
2024-11-20 14:09:07 - central_logger - DEBUG - Retour à l'URL de départ https://portail.e-facture.net/saml/saml-login.php?nomSP=ARTIMON_PROD avant de retourner le WebDriver au pool.
2024-11-20 14:09:07 - central_logger - DEBUG - WebDriver remis dans le pool. Taille actuelle du pool : 1
2024-11-20 14:09:07 - central_logger - DEBUG - Réutilisation d'une instance WebDriver existante.
2024-11-20 14:09:07 - central_logger - WARNING - Échec du traitement du contrat PF20240000083132 : Contrat non trouvé
2024-11-20 14:09:07 - central_logger - INFO - Début du traitement du contrat PF20240000095003.
2024-11-20 14:09:07 - central_logger - INFO - Recherche de la div contenant 'Rejets AIFE'...
2024-11-20 14:09:08 - central_logger - INFO - Clic sur 'Rejets AIFE' effectué avec succès.
2024-11-20 14:09:10 - central_logger - INFO - Saisie du numéro facture : PF20240000095003
2024-11-20 14:09:10 - central_logger - DEBUG - Appui sur Entrée pour lancer la recherche.
2024-11-20 14:09:10 - central_logger - INFO - Numéro facture PF20240000095003 saisi et recherche lancée avec succès.
2024-11-20 14:09:12 - central_logger - INFO - Sélection de la ligne avec le numéro facture : PF20240000095003...
2024-11-20 14:09:32 - central_logger - ERROR - Le tableau des documents ou la ligne avec le numéro facture PF20240000095003 n'a pas été trouvée.
2024-11-20 14:09:32 - central_logger - WARNING - Contrat PF20240000095003 non trouvé. Passage au suivant.
2024-11-20 14:09:32 - central_logger - DEBUG - Retour à l'URL de départ https://portail.e-facture.net/saml/saml-login.php?nomSP=ARTIMON_PROD avant de retourner le WebDriver au pool.
2024-11-20 14:09:33 - central_logger - WARNING - WebDriver inactif ou erreur détectée, suppression du driver: WebDriver status non 'complete', status actuel : loading
2024-11-20 14:09:35 - central_logger - DEBUG - Taille du pool décrémentée : 0
2024-11-20 14:09:39 - central_logger - DEBUG - Creating a new WebDriver instance
2024-11-20 14:09:39 - central_logger - WARNING - Échec du traitement du contrat PF20240000095003 : Contrat non trouvé
2024-11-20 14:09:43 - central_logger - DEBUG - WebDriver instance created and navigated to URL successfully
2024-11-20 14:09:43 - central_logger - DEBUG - Nouvelle instance WebDriver créée (taille actuelle : 1)
2024-11-20 14:09:43 - central_logger - INFO - Début du traitement du contrat PF20240000070111.
2024-11-20 14:09:43 - central_logger - INFO - Recherche de la div contenant 'Rejets AIFE'...
2024-11-20 14:09:44 - central_logger - INFO - Clic sur 'Rejets AIFE' effectué avec succès.
2024-11-20 14:09:46 - central_logger - INFO - Saisie du numéro facture : PF20240000070111
2024-11-20 14:09:46 - central_logger - DEBUG - Appui sur Entrée pour lancer la recherche.
2024-11-20 14:09:46 - central_logger - INFO - Numéro facture PF20240000070111 saisi et recherche lancée avec succès.
2024-11-20 14:09:48 - central_logger - INFO - Sélection de la ligne avec le numéro facture : PF20240000070111...
2024-11-20 14:10:08 - central_logger - ERROR - Le tableau des documents ou la ligne avec le numéro facture PF20240000070111 n'a pas été trouvée.
2024-11-20 14:10:08 - central_logger - WARNING - Contrat PF20240000070111 non trouvé. Passage au suivant.
2024-11-20 14:10:08 - central_logger - DEBUG - Retour à l'URL de départ https://portail.e-facture.net/saml/saml-login.php?nomSP=ARTIMON_PROD avant de retourner le WebDriver au pool.
2024-11-20 14:10:09 - central_logger - DEBUG - WebDriver remis dans le pool. Taille actuelle du pool : 1
2024-11-20 14:10:09 - central_logger - DEBUG - Réutilisation d'une instance WebDriver existante.
2024-11-20 14:10:09 - central_logger - WARNING - Échec du traitement du contrat PF20240000070111 : Contrat non trouvé
2024-11-20 14:10:09 - central_logger - INFO - Début du traitement du contrat PF20240000083178.
2024-11-20 14:10:09 - central_logger - INFO - Recherche de la div contenant 'Rejets AIFE'...
2024-11-20 14:10:09 - central_logger - INFO - Clic sur 'Rejets AIFE' effectué avec succès.
2024-11-20 14:10:11 - central_logger - INFO - Saisie du numéro facture : PF20240000083178
2024-11-20 14:10:11 - central_logger - DEBUG - Appui sur Entrée pour lancer la recherche.
2024-11-20 14:10:11 - central_logger - INFO - Numéro facture PF20240000083178 saisi et recherche lancée avec succès.
2024-11-20 14:10:13 - central_logger - INFO - Sélection de la ligne avec le numéro facture : PF20240000083178...
2024-11-20 14:10:34 - central_logger - ERROR - Le tableau des documents ou la ligne avec le numéro facture PF20240000083178 n'a pas été trouvée.
2024-11-20 14:10:34 - central_logger - WARNING - Contrat PF20240000083178 non trouvé. Passage au suivant.
2024-11-20 14:10:34 - central_logger - DEBUG - Retour à l'URL de départ https://portail.e-facture.net/saml/saml-login.php?nomSP=ARTIMON_PROD avant de retourner le WebDriver au pool.
2024-11-20 14:10:34 - central_logger - DEBUG - WebDriver remis dans le pool. Taille actuelle du pool : 1
2024-11-20 14:10:34 - central_logger - DEBUG - Réutilisation d'une instance WebDriver existante.
2024-11-20 14:10:34 - central_logger - WARNING - Échec du traitement du contrat PF20240000083178 : Contrat non trouvé
2024-11-20 14:10:34 - central_logger - INFO - Début du traitement du contrat PF20240000084259.
2024-11-20 14:10:34 - central_logger - INFO - Recherche de la div contenant 'Rejets AIFE'...
2024-11-20 14:10:35 - central_logger - INFO - Clic sur 'Rejets AIFE' effectué avec succès.
2024-11-20 14:10:37 - central_logger - INFO - Saisie du numéro facture : PF20240000084259
2024-11-20 14:10:37 - central_logger - DEBUG - Appui sur Entrée pour lancer la recherche.
2024-11-20 14:10:37 - central_logger - INFO - Numéro facture PF20240000084259 saisi et recherche lancée avec succès.
2024-11-20 14:10:39 - central_logger - INFO - Sélection de la ligne avec le numéro facture : PF20240000084259...
2024-11-20 14:10:59 - central_logger - ERROR - Le tableau des documents ou la ligne avec le numéro facture PF20240000084259 n'a pas été trouvée.
2024-11-20 14:10:59 - central_logger - WARNING - Contrat PF20240000084259 non trouvé. Passage au suivant.
2024-11-20 14:10:59 - central_logger - DEBUG - Retour à l'URL de départ https://portail.e-facture.net/saml/saml-login.php?nomSP=ARTIMON_PROD avant de retourner le WebDriver au pool.
2024-11-20 14:10:59 - central_logger - DEBUG - WebDriver remis dans le pool. Taille actuelle du pool : 1
2024-11-20 14:10:59 - central_logger - DEBUG - Réutilisation d'une instance WebDriver existante.
2024-11-20 14:10:59 - central_logger - WARNING - Échec du traitement du contrat PF20240000084259 : Contrat non trouvé
2024-11-20 14:10:59 - central_logger - INFO - Début du traitement du contrat PF20240000102781.
2024-11-20 14:10:59 - central_logger - INFO - Recherche de la div contenant 'Rejets AIFE'...
2024-11-20 14:11:00 - central_logger - INFO - Clic sur 'Rejets AIFE' effectué avec succès.
2024-11-20 14:11:02 - central_logger - INFO - Saisie du numéro facture : PF20240000102781
2024-11-20 14:11:02 - central_logger - DEBUG - Appui sur Entrée pour lancer la recherche.
2024-11-20 14:11:02 - central_logger - INFO - Numéro facture PF20240000102781 saisi et recherche lancée avec succès.
2024-11-20 14:11:04 - central_logger - INFO - Sélection de la ligne avec le numéro facture : PF20240000102781...
2024-11-20 14:11:24 - central_logger - ERROR - Le tableau des documents ou la ligne avec le numéro facture PF20240000102781 n'a pas été trouvée.
2024-11-20 14:11:24 - central_logger - WARNING - Contrat PF20240000102781 non trouvé. Passage au suivant.
2024-11-20 14:11:24 - central_logger - DEBUG - Retour à l'URL de départ https://portail.e-facture.net/saml/saml-login.php?nomSP=ARTIMON_PROD avant de retourner le WebDriver au pool.
2024-11-20 14:11:25 - central_logger - DEBUG - WebDriver remis dans le pool. Taille actuelle du pool : 1
2024-11-20 14:11:25 - central_logger - DEBUG - Réutilisation d'une instance WebDriver existante.
2024-11-20 14:11:25 - central_logger - WARNING - Échec du traitement du contrat PF20240000102781 : Contrat non trouvé
2024-11-20 14:11:25 - central_logger - INFO - Début du traitement du contrat PF20240000075022.
2024-11-20 14:11:25 - central_logger - INFO - Recherche de la div contenant 'Rejets AIFE'...
2024-11-20 14:11:25 - central_logger - INFO - Clic sur 'Rejets AIFE' effectué avec succès.
2024-11-20 14:11:27 - central_logger - INFO - Saisie du numéro facture : PF20240000075022
2024-11-20 14:11:27 - central_logger - DEBUG - Appui sur Entrée pour lancer la recherche.
2024-11-20 14:11:27 - central_logger - INFO - Numéro facture PF20240000075022 saisi et recherche lancée avec succès.
2024-11-20 14:11:29 - central_logger - INFO - Sélection de la ligne avec le numéro facture : PF20240000075022...
2024-11-20 14:11:31 - central_logger - DEBUG - Nombre de lignes trouvées dans le tableau : 1
2024-11-20 14:11:31 - central_logger - INFO - Ligne trouvée avec le numéro facture PF20240000075022
2024-11-20 14:11:31 - central_logger - INFO - Ligne avec le numéro facture PF20240000075022 sélectionnée et cliquée avec succès.
2024-11-20 14:11:33 - central_logger - INFO - Attente de l'apparition de la modal...
2024-11-20 14:11:34 - central_logger - INFO - Modal apparue et prête à être utilisée.
2024-11-20 14:11:38 - central_logger - INFO - SIRET remplacé par 22520001300012.
2024-11-20 14:11:40 - central_logger - INFO - Commentaire écrit avec succès.
2024-11-20 14:11:42 - central_logger - DEBUG - Recherche du bouton avec le texte 'Sauvegarder'...
2024-11-20 14:11:42 - central_logger - INFO - Bouton 'Sauvegarder' trouvé et cliqué.
2024-11-20 14:11:44 - central_logger - INFO - Tentative de clic sur le bouton principal 'Valider'...
2024-11-20 14:11:44 - central_logger - DEBUG - Recherche du bouton avec le texte 'Valider'...
2024-11-20 14:11:44 - central_logger - INFO - Bouton 'Valider' trouvé et cliqué.
2024-11-20 14:11:44 - central_logger - INFO - Attente de l'apparition de la modale après clic sur 'Valider'...
2024-11-20 14:11:45 - central_logger - INFO - Tentative de clic sur le bouton dans la modale avec le sélecteur 'body > div.bootbox.modal.fade.bootbox-confirm.in > div > div > div.modal-footer > button.btn.btn-primary'...
2024-11-20 14:11:45 - central_logger - INFO - Clic sur le bouton dans la modale réussi.
2024-11-20 14:11:45 - central_logger - DEBUG - Retour à l'URL de départ https://portail.e-facture.net/saml/saml-login.php?nomSP=ARTIMON_PROD avant de retourner le WebDriver au pool.
2024-11-20 14:11:45 - central_logger - DEBUG - WebDriver remis dans le pool. Taille actuelle du pool : 1
2024-11-20 14:11:45 - central_logger - DEBUG - Réutilisation d'une instance WebDriver existante.
2024-11-20 14:11:45 - central_logger - INFO - Contrat PF20240000075022 traité avec succès en 20.00 secondes.
2024-11-20 14:11:45 - central_logger - INFO - Début du traitement du contrat PF20240000097007.
2024-11-20 14:11:45 - central_logger - INFO - Recherche de la div contenant 'Rejets AIFE'...
2024-11-20 14:11:46 - central_logger - INFO - Clic sur 'Rejets AIFE' effectué avec succès.
2024-11-20 14:11:48 - central_logger - INFO - Saisie du numéro facture : PF20240000097007
2024-11-20 14:11:48 - central_logger - DEBUG - Appui sur Entrée pour lancer la recherche.
2024-11-20 14:11:48 - central_logger - INFO - Numéro facture PF20240000097007 saisi et recherche lancée avec succès.
2024-11-20 14:11:50 - central_logger - INFO - Sélection de la ligne avec le numéro facture : PF20240000097007...
